2025-09-13T09:38:55.907+05:30  INFO 13480 --- [demo] [restartedMain] c.examly.springapp.SurveyAppApplication  : Starting SurveyAppApplication using Java 21.0.7 with PID 13480 (C:\Users\KEERTHI VASAN\Desktop\Advanced-To-Do-App-with-calender-and-remainders\springapp\target\classes started by KEERTHI VASAN in C:\Users\KEERTHI VASAN\Desktop\Advanced-To-Do-App-with-calender-and-remainders\springapp)
2025-09-13T09:38:55.915+05:30  INFO 13480 --- [demo] [restartedMain] c.examly.springapp.SurveyAppApplication  : No active profile set, falling back to 1 default profile: "default"
2025-09-13T09:38:55.974+05:30  INFO 13480 --- [demo] [restartedMain] .e.DevToolsPropertyDefaultsPostProcessor : Devtools property defaults active! Set 'spring.devtools.add-properties' to 'false' to disable
2025-09-13T09:38:55.976+05:30  INFO 13480 --- [demo] [restartedMain] .e.DevToolsPropertyDefaultsPostProcessor : For additional web related logging consider setting the 'logging.level.web' property to 'DEBUG'
2025-09-13T09:38:56.880+05:30  INFO 13480 --- [demo] [restartedMain] .s.d.r.c.RepositoryConfigurationDelegate : Bootstrapping Spring Data JPA repositories in DEFAULT mode.
2025-09-13T09:38:56.963+05:30  INFO 13480 --- [demo] [restartedMain] .s.d.r.c.RepositoryConfigurationDelegate : Finished Spring Data repository scanning in 70 ms. Found 3 JPA repository interfaces.
2025-09-13T09:38:57.594+05:30  INFO 13480 --- [demo] [restartedMain] o.s.b.w.embedded.tomcat.TomcatWebServer  : Tomcat initialized with port 8081 (http)
2025-09-13T09:38:57.613+05:30  INFO 13480 --- [demo] [restartedMain] o.apache.catalina.core.StandardService   : Starting service [Tomcat]
2025-09-13T09:38:57.614+05:30  INFO 13480 --- [demo] [restartedMain] o.apache.catalina.core.StandardEngine    : Starting Servlet engine: [Apache Tomcat/10.1.43]
2025-09-13T09:38:57.678+05:30  INFO 13480 --- [demo] [restartedMain] o.a.c.c.C.[Tomcat].[localhost].[/]       : Initializing Spring embedded WebApplicationContext
2025-09-13T09:38:57.678+05:30  INFO 13480 --- [demo] [restartedMain] w.s.c.ServletWebServerApplicationContext : Root WebApplicationContext: initialization completed in 1701 ms
2025-09-13T09:38:57.910+05:30  INFO 13480 --- [demo] [restartedMain] o.hibernate.jpa.internal.util.LogHelper  : HHH000204: Processing PersistenceUnitInfo [name: default]
2025-09-13T09:38:57.991+05:30  INFO 13480 --- [demo] [restartedMain] org.hibernate.Version                    : HHH000412: Hibernate ORM core version 6.6.22.Final
2025-09-13T09:38:58.046+05:30  INFO 13480 --- [demo] [restartedMain] o.h.c.internal.RegionFactoryInitiator    : HHH000026: Second-level cache disabled
2025-09-13T09:38:58.391+05:30  INFO 13480 --- [demo] [restartedMain] o.s.o.j.p.SpringPersistenceUnitInfo      : No LoadTimeWeaver setup: ignoring JPA class transformer
2025-09-13T09:38:58.426+05:30  INFO 13480 --- [demo] [restartedMain] com.zaxxer.hikari.HikariDataSource       : HikariPool-1 - Starting...
2025-09-13T09:38:58.851+05:30  INFO 13480 --- [demo] [restartedMain] com.zaxxer.hikari.pool.HikariPool        : HikariPool-1 - Added connection com.mysql.cj.jdbc.ConnectionImpl@6da7a50a
2025-09-13T09:38:58.853+05:30  INFO 13480 --- [demo] [restartedMain] com.zaxxer.hikari.HikariDataSource       : HikariPool-1 - Start completed.
2025-09-13T09:38:58.911+05:30  WARN 13480 --- [demo] [restartedMain] org.hibernate.orm.deprecation            : HHH90000025: MySQL8Dialect does not need to be specified explicitly using 'hibernate.dialect' (remove the property setting and it will be selected by default)
2025-09-13T09:38:58.912+05:30  WARN 13480 --- [demo] [restartedMain] org.hibernate.orm.deprecation            : HHH90000026: MySQL8Dialect has been deprecated; use org.hibernate.dialect.MySQLDialect instead
2025-09-13T09:38:58.929+05:30  INFO 13480 --- [demo] [restartedMain] org.hibernate.orm.connections.pooling    : HHH10001005: Database info:
	Database JDBC URL [Connecting through datasource 'HikariDataSource (HikariPool-1)']
	Database driver: undefined/unknown
	Database version: 8.0
	Autocommit mode: undefined/unknown
	Isolation level: undefined/unknown
	Minimum pool size: undefined/unknown
	Maximum pool size: undefined/unknown
2025-09-13T09:38:59.968+05:30  INFO 13480 --- [demo] [restartedMain] o.h.e.t.j.p.i.JtaPlatformInitiator       : HHH000489: No JTA platform available (set 'hibernate.transaction.jta.platform' to enable JTA platform integration)
2025-09-13T09:39:00.080+05:30  INFO 13480 --- [demo] [restartedMain] j.LocalContainerEntityManagerFactoryBean : Initialized JPA EntityManagerFactory for persistence unit 'default'
2025-09-13T09:39:00.532+05:30  WARN 13480 --- [demo] [restartedMain] JpaBaseConfiguration$JpaWebConfiguration : spring.jpa.open-in-view is enabled by default. Therefore, database queries may be performed during view rendering. Explicitly configure spring.jpa.open-in-view to disable this warning
2025-09-13T09:39:00.580+05:30  INFO 13480 --- [demo] [restartedMain] o.s.v.b.OptionalValidatorFactoryBean     : Failed to set up a Bean Validation provider: jakarta.validation.NoProviderFoundException: Unable to create a Configuration, because no Jakarta Bean Validation provider could be found. Add a provider like Hibernate Validator (RI) to your classpath.
2025-09-13T09:39:00.921+05:30  INFO 13480 --- [demo] [restartedMain] o.s.b.d.a.OptionalLiveReloadServer       : LiveReload server is running on port 35729
2025-09-13T09:39:00.955+05:30  INFO 13480 --- [demo] [restartedMain] o.s.b.w.embedded.tomcat.TomcatWebServer  : Tomcat started on port 8081 (http) with context path '/'
2025-09-13T09:39:00.965+05:30  INFO 13480 --- [demo] [restartedMain] c.examly.springapp.SurveyAppApplication  : Started SurveyAppApplication in 5.592 seconds (process running for 6.026)
2025-09-13T09:39:29.059+05:30  INFO 13480 --- [demo] [http-nio-8081-exec-2] o.a.c.c.C.[Tomcat].[localhost].[/]       : Initializing Spring DispatcherServlet 'dispatcherServlet'
2025-09-13T09:39:29.060+05:30  INFO 13480 --- [demo] [http-nio-8081-exec-2] o.s.web.servlet.DispatcherServlet        : Initializing Servlet 'dispatcherServlet'
2025-09-13T09:39:29.063+05:30  INFO 13480 --- [demo] [http-nio-8081-exec-2] o.s.web.servlet.DispatcherServlet        : Completed initialization in 2 ms
2025-09-13T09:40:49.909+05:30  WARN 13480 --- [demo] [http-nio-8081-exec-4] .w.s.m.s.DefaultHandlerExceptionResolver : Resolved [org.springframework.http.converter.HttpMessageNotReadableException: Required request body is missing: public org.springframework.http.ResponseEntity<com.examly.springapp.model.Task> com.examly.springapp.controller.TaskController.createTaskForUser(java.lang.Long,com.examly.springapp.model.Task)]
2025-09-13T09:44:41.763+05:30  INFO 13480 --- [demo] [SpringApplicationShutdownHook] o.s.b.w.e.tomcat.GracefulShutdown        : Commencing graceful shutdown. Waiting for active requests to complete
2025-09-13T09:44:41.776+05:30  INFO 13480 --- [demo] [tomcat-shutdown] o.s.b.w.e.tomcat.GracefulShutdown        : Graceful shutdown complete
2025-09-13T09:44:41.782+05:30  INFO 13480 --- [demo] [SpringApplicationShutdownHook] j.LocalContainerEntityManagerFactoryBean : Closing JPA EntityManagerFactory for persistence unit 'default'
2025-09-13T09:44:41.787+05:30  INFO 13480 --- [demo] [SpringApplicationShutdownHook] com.zaxxer.hikari.HikariDataSource       : HikariPool-1 - Shutdown initiated...
2025-09-13T09:44:41.795+05:30  INFO 13480 --- [demo] [SpringApplicationShutdownHook] com.zaxxer.hikari.HikariDataSource       : HikariPool-1 - Shutdown completed.
